c:\users\dave\desktop\idle slayer simple menu - en\imgui directx 11 kiero hook\x64\release\vc143.pdb
c:\users\dave\desktop\idle slayer simple menu - en\imgui directx 11 kiero hook\x64\release\main.obj
c:\users\dave\desktop\idle slayer simple menu - en\imgui directx 11 kiero hook\x64\release\kiero.obj
c:\users\dave\desktop\idle slayer simple menu - en\imgui directx 11 kiero hook\x64\release\imgui_widgets.obj
c:\users\dave\desktop\idle slayer simple menu - en\imgui directx 11 kiero hook\x64\release\imgui_impl_win32.obj
c:\users\dave\desktop\idle slayer simple menu - en\imgui directx 11 kiero hook\x64\release\imgui_impl_dx11.obj
c:\users\dave\desktop\idle slayer simple menu - en\imgui directx 11 kiero hook\x64\release\imgui_draw.obj
c:\users\dave\desktop\idle slayer simple menu - en\imgui directx 11 kiero hook\x64\release\imgui_demo.obj
c:\users\dave\desktop\idle slayer simple menu - en\imgui directx 11 kiero hook\x64\release\imgui.obj
c:\users\dave\desktop\idle slayer simple menu - en\imgui directx 11 kiero hook\x64\release\trampoline.obj
c:\users\dave\desktop\idle slayer simple menu - en\imgui directx 11 kiero hook\x64\release\hook.obj
c:\users\dave\desktop\idle slayer simple menu - en\imgui directx 11 kiero hook\x64\release\hde64.obj
c:\users\dave\desktop\idle slayer simple menu - en\imgui directx 11 kiero hook\x64\release\hde32.obj
c:\users\dave\desktop\idle slayer simple menu - en\imgui directx 11 kiero hook\x64\release\buffer.obj
c:\users\dave\desktop\idle slayer simple menu - en\x64\release\imgui directx 11 kiero hook.dll
c:\users\dave\desktop\idle slayer simple menu - en\x64\release\imgui directx 11 kiero hook.pdb
c:\users\dave\desktop\idle slayer simple menu - en\imgui directx 11 kiero hook\x64\release\minhook.res
c:\users\dave\desktop\idle slayer simple menu - en\imgui directx 11 kiero hook\x64\release\imgui directx 11 kiero hook.ipdb
c:\users\dave\desktop\idle slayer simple menu - en\imgui directx 11 kiero hook\x64\release\imgui directx 11 kiero hook.iobj
c:\users\dave\desktop\idle slayer simple menu - en\imgui directx 11 kiero hook\x64\release\imgui di.04b17470.tlog\cl.command.1.tlog
c:\users\dave\desktop\idle slayer simple menu - en\imgui directx 11 kiero hook\x64\release\imgui di.04b17470.tlog\cl.items.tlog
c:\users\dave\desktop\idle slayer simple menu - en\imgui directx 11 kiero hook\x64\release\imgui di.04b17470.tlog\cl.read.1.tlog
c:\users\dave\desktop\idle slayer simple menu - en\imgui directx 11 kiero hook\x64\release\imgui di.04b17470.tlog\cl.write.1.tlog
c:\users\dave\desktop\idle slayer simple menu - en\imgui directx 11 kiero hook\x64\release\imgui di.04b17470.tlog\link.command.1.tlog
c:\users\dave\desktop\idle slayer simple menu - en\imgui directx 11 kiero hook\x64\release\imgui di.04b17470.tlog\link.read.1.tlog
c:\users\dave\desktop\idle slayer simple menu - en\imgui directx 11 kiero hook\x64\release\imgui di.04b17470.tlog\link.secondary.1.tlog
c:\users\dave\desktop\idle slayer simple menu - en\imgui directx 11 kiero hook\x64\release\imgui di.04b17470.tlog\link.write.1.tlog
c:\users\dave\desktop\idle slayer simple menu - en\imgui directx 11 kiero hook\x64\release\imgui di.04b17470.tlog\rc.command.1.tlog
c:\users\dave\desktop\idle slayer simple menu - en\imgui directx 11 kiero hook\x64\release\imgui di.04b17470.tlog\rc.read.1.tlog
c:\users\dave\desktop\idle slayer simple menu - en\imgui directx 11 kiero hook\x64\release\imgui di.04b17470.tlog\rc.write.1.tlog
